<?xml version="1.0" encoding="UTF-8"?>
<!-- Generated by org.testng.reporters.JUnitReportReporter -->
<testsuite hostname="Burcus-MBP.fios-router.home" failures="0" tests="1" name="com.demowebshop.tests.NavigationFlowTest" time="7.350" errors="0" timestamp="2025-04-17T17:49:31 EDT" skipped="0">
  <testcase classname="com.demowebshop.tests.NavigationFlowTest" name="scrollToFooterTest" time="7.350"/>
</testsuite> <!-- com.demowebshop.tests.NavigationFlowTest -->
